06/18/2021 08:53:42.124 (12) [Trace]: [ModeChecker] [OnTimerEvent] TimerName[MODE_TIMEOUT]
06/18/2021 08:53:42.127 (16) [Debug]: [ModeChecker] [ChangeApplicationActivation] ApplicationName[OperatorApplication, Pause:False] IsActivation[False] TriggerName[Timeout], resume[False], pause[False]
06/18/2021 08:53:42.129 (16) [Debug]: [ModeChecker] [DeactivateApplication] Attempting application deactivation - ApplicationName[OperatorApplication]
06/18/2021 08:53:42.131 (16) [Trace]: [ModeChecker] [DeactivateApplication] Application already inactive. Ignoring.
06/18/2021 08:53:43.378 (32) [Debug]: [LogWriter] [RemoveOldBackupFiles] retainDays[120], deletion result[True], message[deleted 0 files]
06/18/2021 08:53:43.726 (8) [Debug]: [DeviceEngine.DeviceManager.XFSManager] [GetInfo] Service[20] Category[101] Timeout[Indefinite]
06/18/2021 08:53:43.734 (8) [Trace]: [DeviceEngine.DeviceManager.XFSManager] [GetInfo] Service[20] Category[101] HResult[success]
06/18/2021 08:53:43.751 (8) [Debug]: [DeviceEngine.DeviceManager.XFSManager] [GetInfo] Service[20] Category[102] Timeout[Indefinite]
06/18/2021 08:53:43.768 (8) [Trace]: [DeviceEngine.DeviceManager.XFSManager] [GetInfo] Service[20] Category[102] HResult[success]
06/18/2021 08:53:43.781 (8) [Info]: [DeviceEngine.DeviceManager.PrinterController.XFSPrinter] [EvaluateServiceProvider] Opened service provider - Name[ReceiptPrinter1] Score[150] Handle[20] Version[3.10] Status[Operable] Description[XFS URPTR Service Provider] TimeStamp[]
06/18/2021 08:53:43.783 (8) [Trace]: [DeviceEngine.DeviceManager.PrinterController.XFSPrinter] [EvaluateServiceProvider] Current service provider - Priority[True] Preferred[True] Online[True]
06/18/2021 08:53:43.786 (8) [Info]: [DeviceEngine.DeviceManager.PrinterController.XFSPrinter] [CreateInstance] Using priority service provider - Name[ReceiptPrinter1] Score[150] Handle[20] Version[3.10] Status[Operable] Description[XFS URPTR Service Provider] TimeStamp[6/18/2021 3:53:43 AM]
06/18/2021 08:53:43.788 (8) [Trace]: [DeviceEngine.DeviceManager.PrinterController.XFSPrinter] [Initialize] Called
06/18/2021 08:53:43.803 (33) [Trace]: [DeviceEngine.DeviceManager.XFSManager] [WndProc] hWnd[722098] Msg[36] lParam[223862700] wParam[0]
06/18/2021 08:53:43.806 (33) [Trace]: [DeviceEngine.DeviceManager.XFSManager] [WndProc] hWnd[722098] Msg[129] lParam[223862612] wParam[0]
06/18/2021 08:53:43.812 (33) [Trace]: [DeviceEngine.DeviceManager.XFSManager] [WndProc] hWnd[722098] Msg[131] lParam[223862732] wParam[0]
06/18/2021 08:53:43.815 (33) [Trace]: [DeviceEngine.DeviceManager.XFSManager] [WndProc] hWnd[722098] Msg[1] lParam[223862528] wParam[0]
06/18/2021 08:53:43.817 (8) [Trace]: [DeviceEngine.DeviceManager.XFSManager] [Register] Started XFS message processing - hservice[20] started[True]
06/18/2021 08:53:43.872 (8) [Trace]: [DeviceEngine.DeviceManager.XFSManager] [Register] Started XFS message processing
06/18/2021 08:53:43.875 (8) [Debug]: [DeviceEngine.DeviceManager.PrinterController] [Register] Registering new device event handlers and updating controller state.
06/18/2021 08:53:43.878 (8) [Debug]: [DeviceEngine.DeviceManager.XFSManager] [GetInfo] Service[20] Category[102] Timeout[Indefinite]
06/18/2021 08:53:43.886 (8) [Trace]: [DeviceEngine.DeviceManager.XFSManager] [GetInfo] Service[20] Category[102] HResult[success]
06/18/2021 08:53:43.892 (8) [Trace]: [DeviceEngine.DeviceManager.PrinterController] [ReceiptBuilder.ScaleFontSize] Scaling font size to fit - width[576] columns[40]
06/18/2021 08:53:43.896 (8) [Trace]: [DeviceEngine.DeviceManager.PrinterController] [ReceiptStore.Load] Loading the receipt configuration
06/18/2021 08:53:45.586 (8) [Debug]: [DeviceEngine.DeviceManager.PrinterController] [ReceiptStore.Load] Loaded the receipt configuration - ReceiptCount[29]
06/18/2021 08:53:45.588 (8) [Debug]: [DeviceEngine.DeviceManager.PrinterController] [StateManager.ChangeState] Changing the current state - CurrentState[Deactivated] NewState[Idle]
06/18/2021 08:53:45.594 (8) [Debug]: [DeviceEngine.DeviceManager.XFSManager] [GetInfo] Service[20] Category[101] Timeout[Indefinite]
06/18/2021 08:53:45.610 (8) [Trace]: [DeviceEngine.DeviceManager.XFSManager] [GetInfo] Service[20] Category[101] HResult[success]
06/18/2021 08:53:45.616 (8) [Trace]: [DeviceEngine.DeviceManager.PrinterController] [Register] Status[Device=Operable; Printer=OK:Online; Media=OK:Present; Paper=OK:Full; Toner=OK:NotSupported]
06/18/2021 08:53:45.621 (8) [Trace]: [DeviceEngine.DeviceManager.PrinterController] [Register] Capabilities[PrinterType=Receipt, Resolution=Low, CanDetectTaken=False, MaxWidth=576, SupportsGraphics=True, ImageFormat=IndirectNCREPS, RequiresDirectTextPrinting=False]
06/18/2021 08:53:45.623 (8) [Debug]: [DeviceEngine.DeviceManager.PrinterController] [Enable] Enabled successfully
06/18/2021 08:53:45.637 (8) [Debug]: [DeviceEngine.DeviceManager.XFSManager] [OpenSession] Failed to open a session - Result[-43] Name[DBD_TerminalIO] DeviceClass[SIU]
06/18/2021 08:53:45.640 (8) [Trace]: [DeviceEngine.DeviceManager.SensorIndicatorController.XFSSensorsIndicators] [EvaluateServiceProvider] Cannot open device - DeviceClass[SIU] ServiceProvider[DBD_TerminalIO]
06/18/2021 08:53:46.386 (8) [Debug]: [DeviceEngine.DeviceManager.XFSManager] [GetInfo] Service[21] Category[801] Timeout[Indefinite]
06/18/2021 08:53:46.392 (8) [Trace]: [DeviceEngine.DeviceManager.XFSManager] [GetInfo] Service[21] Category[801] HResult[success]
06/18/2021 08:53:46.432 (8) [Info]: [DeviceEngine.DeviceManager.SensorIndicatorController.XFSSensorsIndicators] [EvaluateServiceProvider] Opened service provider - Name[SIU] Score[100] Handle[21] Version[3.10] Status[Operable] Description[XFS SIU Service Provider] TimeStamp[]
06/18/2021 08:53:46.434 (8) [Trace]: [DeviceEngine.DeviceManager.SensorIndicatorController.XFSSensorsIndicators] [EvaluateServiceProvider] Current service provider - Priority[False] Preferred[True] Online[True]
06/18/2021 08:53:46.465 (8) [Info]: [DeviceEngine.DeviceManager.SensorIndicatorController.XFSSensorsIndicators] [CreateInstance] Using and storing best found service provider - Name[SIU] Score[100] Handle[21] Version[3.10] Status[Operable] Description[XFS SIU Service Provider] TimeStamp[6/18/2021 3:53:46 AM]
06/18/2021 08:53:46.467 (8) [Trace]: [DeviceEngine.DeviceManager.SensorIndicatorController.XFSSensorsIndicators] [Initialize] Called
06/18/2021 08:53:46.586 (34) [Trace]: [DeviceEngine.DeviceManager.XFSManager] [WndProc] hWnd[722092] Msg[36] lParam[234024364] wParam[0]
06/18/2021 08:53:46.588 (34) [Trace]: [DeviceEngine.DeviceManager.XFSManager] [WndProc] hWnd[722092] Msg[129] lParam[234024276] wParam[0]
06/18/2021 08:53:46.591 (34) [Trace]: [DeviceEngine.DeviceManager.XFSManager] [WndProc] hWnd[722092] Msg[131] lParam[234024396] wParam[0]
06/18/2021 08:53:46.594 (34) [Trace]: [DeviceEngine.DeviceManager.XFSManager] [WndProc] hWnd[722092] Msg[1] lParam[234024192] wParam[0]
06/18/2021 08:53:46.597 (8) [Trace]: [DeviceEngine.DeviceManager.XFSManager] [Register] Started XFS message processing - hservice[21] started[True]
06/18/2021 08:53:46.651 (8) [Trace]: [DeviceEngine.DeviceManager.XFSManager] [Register] Started XFS message processing
06/18/2021 08:53:46.653 (8) [Debug]: [DeviceEngine.DeviceManager.SensorIndicatorController] [Register] Registering new device event handlers and updating controller state.
06/18/2021 08:53:46.657 (8) [Debug]: [DeviceEngine.DeviceManager.SensorIndicatorController] [StateManager.ChangeState] Changing the current state - CurrentState[Deactivated] NewState[Idle]
06/18/2021 08:53:46.661 (8) [Debug]: [DeviceEngine.DeviceManager.XFSManager] [GetInfo] Service[21] Category[801] Timeout[Indefinite]
06/18/2021 08:53:46.668 (8) [Trace]: [DeviceEngine.DeviceManager.XFSManager] [GetInfo] Service[21] Category[801] HResult[success]
06/18/2021 08:53:46.706 (8) [Trace]: [DeviceEngine.DeviceManager.SensorIndicatorController] [Register] Status[Status=Operable; AudioJack=Off; BootSwitch=None; OperatorSwitch=On; Proximity=None; Card Reader=Off; Dispenser=Off; Printer=Off; PinPad=None; Bill Acceptor=None; FaciaLight=None; ConsumerDisplayBacklight=None; Safe=Open; VandalShield=Closed; Doors=Closed; Door1=Closed; Door2=Closed; EnhancedAudioControl=8; Volume=0; ]
06/18/2021 08:53:46.709 (8) [Debug]: [DeviceEngine.DeviceManager.XFSManager] [GetInfo] Service[21] Category[802] Timeout[Indefinite]
06/18/2021 08:53:46.717 (8) [Trace]: [DeviceEngine.DeviceManager.XFSManager] [GetInfo] Service[21] Category[802] HResult[success]
06/18/2021 08:53:46.760 (8) [Trace]: [DeviceEngine.DeviceManager.SensorIndicatorController] [Register] Capabilities[AudioJack=True; BootSwitch=False; OperatorSwitch=True; Proximity=False; Card Reader=True; Dispenser=True; Printer=True; PinPad=False; Bill Acceptor=False; FaciaLight=False; ConsumerDisplayBacklight=False; Safe=True; VandalShield=False; Doors=False; Door1=False; Door2=False; EnhancedAudioControl=True; Volume=False]
06/18/2021 08:53:46.765 (8) [Trace]: [DeviceEngine.DeviceManager.SensorIndicatorController.XFSSensorsIndicators] [EnableAllSensors]
06/18/2021 08:53:46.768 (8) [Debug]: [DeviceEngine.DeviceManager.XFSManager] [GetInfo] Service[21] Category[802] Timeout[Indefinite]
06/18/2021 08:53:46.775 (8) [Trace]: [DeviceEngine.DeviceManager.XFSManager] [GetInfo] Service[21] Category[802] HResult[success]
06/18/2021 08:53:46.793 (28) [Trace]: [DeviceEngine.DeviceManager.XFSManager] [OnWFSEvent] Handling XFS event - Event[801] hResult[WFS_SUCCESS] hService[21]
06/18/2021 08:53:46.797 (28) [Trace]: [DeviceEngine.DeviceManager.SensorIndicatorController.XFSSensorsIndicators] [ExecuteComplete] RequestId[43] Service[21] Time[2021/6/18 3:53:46.792] HResult[success] Code/EventId[801] Buffer[0] 
06/18/2021 08:53:46.801 (8) [Trace]: [DeviceEngine.DeviceManager.XFSManager] [AsyncExecute] RequestId[43] Service[21] HResult[success] Command[801] Timeout[15000]
06/18/2021 08:53:46.803 (8) [Trace]: [DeviceEngine.DeviceManager.SensorIndicatorController.XFSSensorsIndicators] [EnableAllSensors] SIU_ENABLE_EVENTS - Result[WFS_SUCCESS] Id[43]
06/18/2021 08:53:46.806 (8) [Debug]: [DeviceEngine.DeviceManager.SensorIndicatorController] [StateManager.ChangeState] Changing the current state - CurrentState[Idle] NewState[EnablingSensors]
06/18/2021 08:53:46.808 (8) [Debug]: [DeviceEngine.DeviceManager.SensorIndicatorController] [Enable] Enabled successfully
06/18/2021 08:53:46.813 (28) [Trace]: [DeviceEngine.DeviceManager] [OnSensorIndicatorControllerEvent] Event[SensorsEnabled] Data[]
06/18/2021 08:53:46.816 (28) [Debug]: [DeviceEngine.DeviceManager.SensorIndicatorController] [StateManager.ChangeState] Changing the current state - CurrentState[EnablingSensors] NewState[Idle]
06/18/2021 08:53:46.831 (8) [Trace]: [DeviceEngine.DeviceManager.XFSManager] [AsyncExecute] RequestId[44] Service[21] HResult[success] Command[805] Timeout[15000]
06/18/2021 08:53:46.833 (8) [Debug]: [DeviceEngine.DeviceManager.SensorIndicatorController.XFSSensorsIndicators] [SetAuxiliary] Set auxiliary - Auxiliary[EnhancedAudioControl] Value[16] RequestId[44]
06/18/2021 08:53:46.836 (8) [Info]: [DeviceEngine.DeviceManager.SensorIndicatorController] [SetVolume] SIU does not support volume control.
06/18/2021 08:53:47.088 (34) [Trace]: [DeviceEngine.DeviceManager.XFSManager] [OnWFSEvent] Handling XFS event - Event[801] hResult[WFS_SUCCESS] hService[21]
06/18/2021 08:53:47.092 (34) [Trace]: [DeviceEngine.DeviceManager.SensorIndicatorController.XFSSensorsIndicators] [ServiceEvent] Siu port status - portType[8] portIndex[4] portStatus[2]
06/18/2021 08:53:47.096 (28) [Trace]: [DeviceEngine.DeviceManager.XFSManager] [OnWFSEvent] Handling XFS event - Event[805] hResult[WFS_SUCCESS] hService[21]
06/18/2021 08:53:47.098 (28) [Warn]: [DeviceEngine.DeviceManager.SensorIndicatorController.XFSSensorsIndicators] [ExecuteComplete] The execute command doesn't match the last request - lastRequestId[43] requestId[44]
06/18/2021 08:53:47.377 (8) [Debug]: [DeviceEngine.DeviceManager.CardReaderController] [IsReady] result[True]
06/18/2021 08:53:47.379 (8) [Debug]: [DeviceEngine.DeviceManager.DispenserController] [IsReady] result[True]
06/18/2021 08:53:47.382 (8) [Debug]: [DeviceEngine.DeviceManager.PinPadController] [IsReady] result[True]
06/18/2021 08:53:47.385 (8) [Debug]: [DeviceEngine.DeviceManager.PrinterController] [IsReady] result[True]
06/18/2021 08:53:47.387 (8) [Debug]: [DeviceEngine.DeviceManager.SensorIndicatorController] [IsReady] result[True]
06/18/2021 08:53:47.389 (8) [Debug]: [DeviceEngine.DeviceManager.VdmController] [IsReady] result[True]
06/18/2021 08:53:47.392 (8) [Debug]: [DeviceEngine.DeviceManager.CardReaderController] [IsReady] result[True]
06/18/2021 08:53:47.395 (8) [Debug]: [DeviceEngine.DeviceManager.DispenserController] [IsReady] result[True]
06/18/2021 08:53:47.397 (8) [Debug]: [DeviceEngine.DeviceManager.PinPadController] [IsReady] result[True]
06/18/2021 08:53:47.399 (8) [Debug]: [DeviceEngine.DeviceManager.PrinterController] [IsReady] result[True]
06/18/2021 08:53:47.401 (8) [Debug]: [DeviceEngine.DeviceManager.SensorIndicatorController] [IsReady] result[True]
06/18/2021 08:53:47.403 (8) [Debug]: [DeviceEngine.DeviceManager.VdmController] [IsReady] result[True]
06/18/2021 08:53:47.406 (8) [Info]: [DeviceEngine.DeviceManager] [TrackDeviceLoadingIssues] all device ready[True]
06/18/2021 08:53:47.409 (8) [Trace]: [IssueTracker] [UpdateIssue] issue[DeviceLoading], perform good[True], TotalAttempt[6], Occurrence[0], ContinuousOccurrence[0], ActionsExecuted[ ]
06/18/2021 08:53:47.589 (8) [Info]: [DeviceEngine.DeviceManager] [TrackDeviceLoadingIssues] isDeviceBusy[False]
06/18/2021 08:53:47.591 (8) [Trace]: [IssueTracker] [UpdateIssue] issue[DeviceBusy], perform good[True], TotalAttempt[6], Occurrence[0], ContinuousOccurrence[0], ActionsExecuted[ ]
06/18/2021 08:53:47.622 (8) [Warn]: [DeviceEngine.DeviceManager] [TrackDeviceLoadingIssues] masterkey loaded [False]
06/18/2021 08:53:47.633 (8) [Debug]: [IssueTracker] [ReadThresholdAndAction] Issue[MasterKeyInjection]   [2 RestorePinPad]
06/18/2021 08:53:47.636 (8) [Trace]: [IssueTracker] [UpdateIssue] issue[MasterKeyInjection], perform good[False], TotalAttempt[2], Occurrence[1], ContinuousOccurrence[1], ActionsExecuted[ ]
06/18/2021 08:53:47.670 (8) [Info]: [DeviceEngine.DeviceManager] [Enable] Some or all device controllers enabled. Firing initialized event.
06/18/2021 08:53:47.673 (8) [Info]: [ModeChecker] [OnEnginesInitializedEvent] Engines initialized, received[1] - loading application
06/18/2021 08:53:47.677 (8) [Info]: [ModeChecker] [DeviceLoaded] show device loaded state(inactive state) for [ConsumerApplication]
06/18/2021 08:53:47.695 (20) [Trace]: [ConsumerApplication.RenderingEngine.Renderer] [Show] [OutOfService]
06/18/2021 08:53:47.698 (3) [Trace]: [ConsumerApplication.RenderingEngine.Renderer] [ShowJoonoEncoding]
06/18/2021 08:53:47.700 (3) [Trace]: [ConsumerApplication.RenderingEngine.Renderer.FormScreenCollection.OutOfService] [LoadBackgrounds] Backgrounds[Images/OosBackground.png]
06/18/2021 08:53:47.730 (3) [Trace]: [ConsumerApplication.RenderingEngine.Renderer.FormScreenCollection] Including screen: 
06/18/2021 08:53:47.733 (3) [Info]: [ConsumerApplication.RenderingEngine.Renderer.FormScreenCollection] [Show] Showing screen[OutOfService] - Source[Screens\OutOfService.xml]
06/18/2021 08:53:47.735 (3) [Trace]: [ConsumerApplication.RenderingEngine.Renderer] [ShowScreen]
06/18/2021 08:53:47.737 (3) [Debug]: [ConsumerApplication.RenderingEngine.Renderer.ApplicationForm] [Pause] Pausing application rendering
06/18/2021 08:53:47.740 (3) [Trace]: [ConsumerApplication.RenderingEngine.Renderer.FormScreenCollection] Including screen: 
06/18/2021 08:53:47.742 (3) [Info]: [ConsumerApplication.RenderingEngine.Renderer.FormScreenCollection] [Show] Showing screen[OutOfService] - Source[Screens\OutOfService.xml]
06/18/2021 08:53:47.744 (3) [Trace]: [ConsumerApplication.RenderingEngine.Renderer] [CreateBackgroundList] Creating background list
06/18/2021 08:53:47.774 (3) [Trace]: [ConsumerApplication.RenderingEngine.Renderer] [SetBackground] Setting background [Images/OosBackground.png]
06/18/2021 08:53:47.777 (3) [Trace]: [ConsumerApplication.RenderingEngine.Renderer] [ShowScreen] Adding UI for included screen [OutOfService]
06/18/2021 08:53:47.783 (3) [Trace]: [ConsumerApplication.RenderingEngine.Renderer.FormScreenCollection.OutOfService] [ProcessUIElements] Items Added: - [Images/Header.png], [JoonoEncoding, JoonoEncodings\OutOfService_Default.bmp]
06/18/2021 08:53:47.788 (3) [Trace]: [ConsumerApplication.FlowEngine] [GenericApplicationEventTriggered] Name[Screen] Args[Screen=Shown]
06/18/2021 08:53:47.790 (3) [Debug]: [ConsumerApplication.RenderingEngine.Renderer.ApplicationForm] [Resume]
06/18/2021 08:53:47.917 (3) [Trace]: [ConsumerApplication.FlowEngine] [GenericApplicationEventTriggered] Name[Screen] Args[Screen=Displayed]
06/18/2021 08:53:47.921 (3) [Trace]: [ConsumerApplication.RenderingEngine.Renderer] [ShowScreen] Complete
06/18/2021 08:53:47.923 (8) [Info]: [ModeChecker] [DeviceLoaded] show device loaded state(inactive state) for [OperatorApplication]
06/18/2021 08:53:47.926 (17) [Trace]: [OperatorApplication.RenderingEngine.Renderer] [Show] [OutOfService]
06/18/2021 08:53:47.929 (3) [Trace]: [OperatorApplication.RenderingEngine.Renderer] [ShowJoonoEncoding]
06/18/2021 08:53:47.931 (3) [Trace]: [OperatorApplication.RenderingEngine.Renderer.FormScreenCollection.OutOfService] [LoadIncludes] Includes[BaseScreen]
06/18/2021 08:53:47.976 (3) [Trace]: [OperatorApplication.RenderingEngine.Renderer.BrandManager.StyleSheetManager] [LoadStyleSheet] Loading the requested stylesheet - StyleName[CATM] StyleSheetFilename[OperatorIdleStyles.xml]
06/18/2021 08:53:47.978 (3) [Trace]: [OperatorApplication.RenderingEngine.Renderer.BrandManager.StyleSheetManager] [LoadStyleSheet] Loading the requested stylesheet - StyleName[BASEBRAND] StyleSheetFilename[OperatorIdleStyles.xml]
06/18/2021 08:53:48.077 (3) [Trace]: [OperatorApplication.RenderingEngine.Renderer.FormScreenCollection.BaseScreen] [LoadBackgrounds] Backgrounds[Images/OperatorBackground.png]
06/18/2021 08:53:48.083 (3) [Trace]: [OperatorApplication.RenderingEngine.Renderer.FormScreenCollection] Including screen: BaseScreen, 
06/18/2021 08:53:48.086 (3) [Info]: [OperatorApplication.RenderingEngine.Renderer.FormScreenCollection] [Show] Showing screen[OutOfService] - Source[OperatorScreens\OutOfService.xml]
06/18/2021 08:53:48.212 (3) [Trace]: [OperatorApplication.RenderingEngine.Renderer] [ShowScreen]
06/18/2021 08:53:48.215 (3) [Debug]: [OperatorApplication.RenderingEngine.Renderer.ApplicationForm] [Pause] Pausing application rendering
06/18/2021 08:53:48.218 (3) [Trace]: [OperatorApplication.RenderingEngine.Renderer.FormScreenCollection] Including screen: BaseScreen, 
06/18/2021 08:53:48.222 (3) [Info]: [OperatorApplication.RenderingEngine.Renderer.FormScreenCollection] [Show] Showing screen[OutOfService] - Source[OperatorScreens\OutOfService.xml]
06/18/2021 08:53:48.224 (3) [Trace]: [OperatorApplication.RenderingEngine.Renderer] [CreateBackgroundList] Creating background list
06/18/2021 08:53:48.266 (3) [Trace]: [OperatorApplication.RenderingEngine.Renderer] [SetBackground] Setting background [Images/OperatorBackground.png]
06/18/2021 08:53:48.268 (3) [Trace]: [OperatorApplication.RenderingEngine.Renderer] [ShowScreen] Adding UI for included screen [BaseScreen]
06/18/2021 08:53:48.272 (3) [Trace]: [OperatorApplication.RenderingEngine.Renderer] [ShowScreen] Adding UI for included screen [OutOfService]
06/18/2021 08:53:48.283 (3) [Trace]: [OperatorApplication.RenderingEngine.Renderer.FormScreenCollection.OutOfService] [ProcessUIElements] Items Added: - [OpSwitchingButton], [Images/table_line.png], [Images/table_line.png], [Images/table_VerticalLine.png], [Images/table_VerticalLine.png], [InService, Images/Status_OK.png], [OutOfService, Images/Status_Bad.png], [Transaction, Images/Status_Impaired.png]
06/18/2021 08:53:48.289 (3) [Trace]: [OperatorApplication.FlowEngine] [GenericApplicationEventTriggered] Name[Screen] Args[Screen=Shown]
06/18/2021 08:53:48.291 (3) [Debug]: [OperatorApplication.RenderingEngine.Renderer.ApplicationForm] [Resume]
06/18/2021 08:53:48.448 (3) [Trace]: [OperatorApplication.FlowEngine] [GenericApplicationEventTriggered] Name[Screen] Args[Screen=Displayed]
06/18/2021 08:53:48.451 (3) [Trace]: [OperatorApplication.RenderingEngine.Renderer] [ShowScreen] Complete
06/18/2021 08:53:48.454 (16) [Debug]: [ModeChecker] [ChangeApplicationActivation] ApplicationName[ConsumerApplication, Pause:False] IsActivation[True] TriggerName[ApplicationLoaded], resume[False], pause[False]
06/18/2021 08:53:48.458 (16) [Debug]: [ModeChecker] [ActivateApplication] Attempting application activation - ApplicationName[ConsumerApplication]
06/18/2021 08:53:48.463 (20) [Trace]: [ConsumerApplication.RenderingEngine.Renderer] [Show] [OutOfService]
06/18/2021 08:53:48.466 (3) [Trace]: [ConsumerApplication.RenderingEngine.Renderer] [ShowJoonoEncoding]
06/18/2021 08:53:48.468 (3) [Trace]: [ConsumerApplication.RenderingEngine.Renderer.FormScreenCollection] Including screen: 
06/18/2021 08:53:48.470 (3) [Info]: [ConsumerApplication.RenderingEngine.Renderer.FormScreenCollection] [Show] Showing screen[OutOfService] - Source[Screens\OutOfService.xml]
06/18/2021 08:53:48.473 (3) [Trace]: [ConsumerApplication.RenderingEngine.Renderer] [ShowScreen]
06/18/2021 08:53:48.475 (3) [Debug]: [ConsumerApplication.RenderingEngine.Renderer.ApplicationForm] [Pause] Pausing application rendering
06/18/2021 08:53:48.479 (3) [Trace]: [ConsumerApplication.RenderingEngine.Renderer.FormScreenCollection] Including screen: 
06/18/2021 08:53:48.484 (3) [Info]: [ConsumerApplication.RenderingEngine.Renderer.FormScreenCollection] [Show] Showing screen[OutOfService] - Source[Screens\OutOfService.xml]
06/18/2021 08:53:48.487 (3) [Trace]: [ConsumerApplication.RenderingEngine.Renderer] [CreateBackgroundList] Creating background list
06/18/2021 08:53:48.492 (3) [Trace]: [ConsumerApplication.RenderingEngine.Renderer] [ShowScreen] Adding UI for included screen [OutOfService]
06/18/2021 08:53:48.497 (3) [Trace]: [ConsumerApplication.RenderingEngine.Renderer.FormScreenCollection.OutOfService] [ProcessUIElements] Items Added: - [Images/Header.png], [JoonoEncoding, JoonoEncodings\OutOfService_Default.bmp]
06/18/2021 08:53:48.501 (3) [Trace]: [ConsumerApplication.FlowEngine] [GenericApplicationEventTriggered] Name[Screen] Args[Screen=Shown]
06/18/2021 08:53:48.504 (3) [Debug]: [ConsumerApplication.RenderingEngine.Renderer.ApplicationForm] [Resume]
06/18/2021 08:53:48.634 (3) [Trace]: [ConsumerApplication.FlowEngine] [GenericApplicationEventTriggered] Name[Screen] Args[Screen=Displayed]
06/18/2021 08:53:48.638 (3) [Trace]: [ConsumerApplication.RenderingEngine.Renderer] [ShowScreen] Complete
06/18/2021 08:53:48.642 (16) [Debug]: [ModeChecker] [ActivateApplication] Unable to activate host dependent application until the host comms are open.
06/18/2021 08:53:48.645 (16) [Debug]: [ModeChecker] [RetryTrigger] Trigger not handled. Retrying - TriggerName[ApplicationLoaded] Timeout[0]
06/18/2021 08:53:48.649 (10) [Trace]: [neomsgComms] [OpenConnection] Opening connection to [127.0.0.1:55123]
06/18/2021 08:53:48.652 (10) [Debug]: [neomsgComms.neomsgCommClient] [SetHostAddress] ip[127.0.0.1], port[55123], maintainConnection[True]
06/18/2021 08:53:48.655 (10) [Debug]: [neomsgComms.neomsgCommClient] [Initialize]
06/18/2021 08:53:48.666 (10) [Debug]: [neomsgComms.neomsgCommClient] [CreateConnection] create new connection
06/18/2021 08:53:48.678 (10) [Trace]: [neomsgComms.neomsgCommClient] [BeginReadRemote] Start
06/18/2021 08:53:48.699 (10) [Debug]: [neomsgComms] [neomsgCommEventTriggered] type[HostConnected]
06/18/2021 08:53:48.701 (10) [Info]: [CommsEngine.NeoventsClient] [SendEvent] event[HostConnected, id=10], text[]
06/18/2021 08:53:48.703 (10) [Debug]: [CommsEngine.NeoventsClient] [CreateConnection], ip[10.240.41.186], port[12162]
06/18/2021 08:53:48.968 (10) [Debug]: [CommsEngine.NeoventsClient] [SendPacket] send[43 41 54 4D 30 33 03 00 34 12 14 00 00 00 08 00 00 00 50 4E 39 39 30 31 33 32 0A 00 00 00 00 00 00 00 ]
06/18/2021 08:53:48.971 (10) [Debug]: [CommsEngine.NeoventsClient] [SendPacket] Data sent. wait response
06/18/2021 08:53:49.015 (10) [Debug]: [ModeChecker] [OnHostTerminalCommandEvent] Event received [Connected], currentApplication[ConsumerApplication]
06/18/2021 08:53:49.018 (10) [Debug]: [ApplicationManager] [RecoverHostConfig] enable[False], configImmediately[False]
06/18/2021 08:53:49.020 (10) [Debug]: [ApplicationManager] [RecoverHostConfig] enable[True], configImmediately[True]
06/18/2021 08:53:49.227 (12) [Trace]: [ApplicationManager] [ConfigRecoveryTimerElapsed]
06/18/2021 08:53:49.230 (12) [Trace]: [ConsumerApplication.FlowEngine] [SendHeartbeat]
06/18/2021 08:53:49.232 (22) [Debug]: [ConsumerApplication.FlowEngine] [SendHeartbeat] The application is idle - performing heartbeat
06/18/2021 08:53:49.236 (10) [Trace]: [neomsgComms] [SendStartedUp]
06/18/2021 08:53:49.242 (8) [Debug]: [DeviceEngine.DeviceManager.PinPadController] [RKLExportBase64EncodedItem] Type[MasterKeyCheckValue], Data[0]
06/18/2021 08:53:49.249 (8) [Trace]: [DeviceEngine.DeviceManager.XFSManager] [Execute] Service[19] Command[439] Timeout[15000]
06/18/2021 08:53:49.270 (15) [Debug]: [CommsEngine.NeoventsClient] [ReadRemote] send event successfully [OK].
06/18/2021 08:53:49.272 (15) [Debug]: [CommsEngine.NeoventsClient] [CloseConnection]
06/18/2021 08:53:49.303 (8) [Trace]: [DeviceEngine.DeviceManager.XFSManager] [Execute] Service[19] Command[439] HResult[device not ready] wfsResult[164789515]
06/18/2021 08:53:49.309 (8) [Debug]: [DeviceEngine.DeviceManager.PinPadController.XFSPinPad] [ExportMasterKeyCheckValue] key[Pin], key name[MasterKey], get kcv result [-13]
06/18/2021 08:53:49.311 (10) [Trace]: [RKLService] [GetMasterKeyCheckValue] keyType[Pin], checkValue[]
06/18/2021 08:53:49.313 (10) [Trace]: [RKLService] [CompareKeyCheckValue], _checkValue1[], _checkValue2[7DE1FE]
06/18/2021 08:53:49.316 (10) [Trace]: [RKLService] [CompareKeyCheckValue], result[False]
06/18/2021 08:53:49.318 (10) [Trace]: [RKLService] [IsMasterKeyReady] return[False], check value: persistent[7DE1FE], pinpad[]
06/18/2021 08:53:49.320 (10) [Trace]: [neomsgComms] [RequestRKL]
06/18/2021 08:53:49.324 (10) [Trace]: [RKLService] [RequestRKL] CommunicationId[CTSTRI], EncryptionMode[TripleDES], TerminalId[PN990132], VersionMinor[0], VersionMajor[0]
06/18/2021 08:53:49.396 (10) [Info]: [CommsEngine.NeoventsClient] [SendEvent] event[TxProcessing_Info_RKL_Initiated, id=1410], text[Signature]
06/18/2021 08:53:49.398 (10) [Debug]: [CommsEngine.NeoventsClient] [CreateConnection], ip[10.240.41.186], port[12162]
06/18/2021 08:53:49.681 (10) [Debug]: [CommsEngine.NeoventsClient] [SendPacket] send[43 41 54 4D 30 33 03 00 34 12 1D 00 00 00 08 00 00 00 50 4E 39 39 30 31 33 32 82 05 00 00 09 00 00 00 53 69 67 6E 61 74 75 72 65 ]
06/18/2021 08:53:49.683 (10) [Debug]: [CommsEngine.NeoventsClient] [SendPacket] Data sent. wait response
06/18/2021 08:53:49.686 (10) [Trace]: [RKLService] [RetrievePinpadRKLData]  rkl type[Signature]
06/18/2021 08:53:49.691 (8) [Debug]: [DeviceEngine.DeviceManager.PinPadController] [RKLExportBase64EncodedItem] Type[PinpadSerialNumber], Data[0]
06/18/2021 08:53:49.714 (8) [Trace]: [DeviceEngine.DeviceManager.XFSManager] [Execute] Service[19] Command[427] Timeout[15000]
06/18/2021 08:53:49.768 (8) [Trace]: [DeviceEngine.DeviceManager.XFSManager] [Execute] Service[19] Command[427] HResult[device not ready] wfsResult[164789515]
06/18/2021 08:53:49.771 (8) [Debug]: [DeviceEngine.DeviceManager.PinPadController.XFSPinPad] [ExportPinpadIdPublicKey] get[PinpadSerialNumber], result [-13]
06/18/2021 08:53:49.773 (8) [Debug]: [DeviceEngine.DeviceManager.PinPadController] [RKLExportBase64EncodedItem] Type[PinpadPublicKey], Data[0]
06/18/2021 08:53:49.776 (8) [Trace]: [DeviceEngine.DeviceManager.XFSManager] [Execute] Service[19] Command[427] Timeout[15000]
06/18/2021 08:53:49.830 (8) [Trace]: [DeviceEngine.DeviceManager.XFSManager] [Execute] Service[19] Command[427] HResult[device not ready] wfsResult[164788395]
06/18/2021 08:53:49.832 (8) [Debug]: [DeviceEngine.DeviceManager.PinPadController.XFSPinPad] [ExportPinpadIdPublicKey] get[PinpadPublicKey], result [-13]
06/18/2021 08:53:49.835 (10) [Warn]: [RKLService] [RetrievePinpadSignatureBasedRKLData] Fail to retrieve serial number or public key.
06/18/2021 08:53:49.837 (10) [Info]: [CommsEngine.NeoventsClient] [SendEvent] event[RKLFailed, id=12], text[failed to retrieve pinpad rkl data]
06/18/2021 08:53:49.839 (10) [Debug]: [CommsEngine.NeoventsClient] [SendPacket] connection exist. return.
06/18/2021 08:53:49.842 (10) [Warn]: [RKLService] [SkipRKL] Does not support RKL
06/18/2021 08:53:49.846 (8) [Debug]: [DeviceEngine.DeviceManager.PinPadController] [RKLExportBase64EncodedItem] Type[MasterKeyCheckValue], Data[0]
06/18/2021 08:53:49.848 (8) [Trace]: [DeviceEngine.DeviceManager.XFSManager] [Execute] Service[19] Command[439] Timeout[15000]
06/18/2021 08:53:50.020 (8) [Trace]: [DeviceEngine.DeviceManager.XFSManager] [Execute] Service[19] Command[439] HResult[device not ready] wfsResult[164581995]
06/18/2021 08:53:50.022 (8) [Debug]: [DeviceEngine.DeviceManager.PinPadController.XFSPinPad] [ExportMasterKeyCheckValue] key[Pin], key name[MasterKey], get kcv result [-13]
06/18/2021 08:53:50.025 (10) [Trace]: [RKLService] [GetMasterKeyCheckValue] keyType[Pin], checkValue[]
06/18/2021 08:53:50.027 (10) [Trace]: [RKLService] [SkipRKL] download working key.
06/18/2021 08:53:50.029 (10) [Trace]: [neomsgComms] [SendConfigurationRequestMessage]
06/18/2021 08:53:50.052 (10) [Trace]: [neomsgComms.StatusMonitoring] [GetCassetteInformation] filled [1], purged[3], Remain[9973], cassetteInfo[02K10000027003]
06/18/2021 08:53:50.055 (10) [Debug]: [neomsgComms.StatusMonitoring] [GetCassetteInformation] note status [0], cassetteInformation[02K10000027003000000000000000000000000000000000000000000003]
06/18/2021 08:53:50.068 (10) [Debug]: [neomsgComms.StatusMonitoring] [GetStatus] terminalStatus[NT00.00.0000000060610000003130 010TXX00X000     00000002K10000027003000000000000000000000000000000000000000000003]
06/18/2021 08:53:50.090 (10) [Debug]: [JournalManager] [GetNextUploadJournals] return[False]
06/18/2021 08:53:50.092 (10) [Trace]: [neomsgComms] [SendMessage] Sending message = [Configuration Request Message], Message Length = [156], Tran Code = [DownloadConfigurationTable]
06/18/2021 08:53:50.101 (10) [Debug]: [neomsgComms] [SendMessage] Send Body = [[0x00][0x9A]CTSTRI  td002       ,PN990132       ,60,NT00.00.0000000060610000003130 010TXX00X000     00000002K10000027003000000000000000000000000000000000000000000003,]
06/18/2021 08:53:50.104 (10) [Trace]: [neomsgComms.neomsgCommClient] [SendData] data sent [Length:156]
06/18/2021 08:53:50.107 (15) [Debug]: [CommsEngine.NeoventsClient] [ReadRemote] send event successfully [OK].
06/18/2021 08:53:50.109 (15) [Debug]: [CommsEngine.NeoventsClient] [CloseConnection]
06/18/2021 08:53:50.112 (15) [Debug]: [CommsEngine.NeoventsClient] [CreateConnection], ip[10.240.41.186], port[12162]
06/18/2021 08:53:50.374 (15) [Debug]: [CommsEngine.NeoventsClient] [SendPacket] send[43 41 54 4D 30 33 03 00 34 12 36 00 00 00 08 00 00 00 50 4E 39 39 30 31 33 32 0C 00 00 00 22 00 00 00 66 61 69 6C 65 64 20 74 6F 20 72 65 74 72 69 65 76 65 20 70 69 6E 70 61 64 20 72 6B 6C 20 64 61 74 61 ]
06/18/2021 08:53:50.377 (15) [Debug]: [CommsEngine.NeoventsClient] [SendPacket] Data sent. wait response
06/18/2021 08:53:50.668 (15) [Debug]: [CommsEngine.NeoventsClient] [ReadRemote] send event successfully [OK].
06/18/2021 08:53:50.671 (15) [Debug]: [CommsEngine.NeoventsClient] [CloseConnection]
06/18/2021 08:53:51.507 (15) [Debug]: [neomsgComms.neomsgCommClient] [ReadRemote] read [132] bytes
06/18/2021 08:53:51.509 (15) [Debug]: [neomsgComms.neomsgCommClient] [ReadRemote] received full message. data length in header [130], received data length[130]
06/18/2021 08:53:51.511 (15) [Trace]: [neomsgComms.neomsgCommClient] [ReportHostResponse] event type[DataReceived]
06/18/2021 08:53:51.514 (15) [Debug]: [neomsgComms] [neomsgCommEventTriggered] type[DataReceived]
06/18/2021 08:53:51.519 (15) [Trace]: [neomsgComms] [ProcessRemotePacketReceived] Received data from host : [132] bytes
06/18/2021 08:53:51.522 (15) [Debug]: [neomsgComms] [ProcessRemotePacketReceived] Receive Body = [[0x00][0x82]            ,PN990132       ,60,~EC246A9ED4803362,!00000000,{B36AE30B36BC1879,/1,mBEBE990EDF558A30,}8F440EA9F51F1988,uzUS/Central,]
06/18/2021 08:53:51.526 (15) [Debug]: [MessageBuilderFactory] [GetMessageBuilder] _requestType[DownloadConfig]
06/18/2021 08:53:51.528 (15) [Debug]: [MessageBuilderFactory] [GetMessageBuilder] messageBuilder.Type[null]
06/18/2021 08:53:51.532 (15) [Debug]: [ResponseHandlerFactory] [GetResponseHandler] _responseMessage.Type[null], transactionCode[None]
06/18/2021 08:53:51.534 (15) [Debug]: [ResponseHandlerFactory] [GetResponseHandler] _requestData.Type[null], genericTransactionType[None]
06/18/2021 08:53:51.539 (15) [Debug]: [ResponseHandlerFactory] [GetResponseHandler] responseHandler.Type[null]
06/18/2021 08:53:51.592 (15) [Trace]: [TimeZoneConverter] [IanaToWindows] Time Zone Converted, Iana[US/Central] => Windows[Central Standard Time]
06/18/2021 08:53:51.958 (34) [Trace]: [DeviceEngine.DeviceManager.XFSManager] [WndProc] hWnd[722092] Msg[30] lParam[0] wParam[0]
06/18/2021 08:53:51.960 (33) [Trace]: [DeviceEngine.DeviceManager.XFSManager] [WndProc] hWnd[722098] Msg[30] lParam[0] wParam[0]
06/18/2021 08:53:51.962 (31) [Trace]: [DeviceEngine.DeviceManager.XFSManager] [WndProc] hWnd[1639514] Msg[30] lParam[0] wParam[0]
06/18/2021 08:53:51.964 (30) [Trace]: [DeviceEngine.DeviceManager.XFSManager] [WndProc] hWnd[459890] Msg[30] lParam[0] wParam[0]
06/18/2021 08:53:51.967 (29) [Trace]: [DeviceEngine.DeviceManager.XFSManager] [WndProc] hWnd[722014] Msg[30] lParam[0] wParam[0]
06/18/2021 08:53:51.969 (28) [Trace]: [DeviceEngine.DeviceManager.XFSManager] [WndProc] hWnd[328800] Msg[30] lParam[0] wParam[0]
06/18/2021 08:53:52.001 (15) [Info]: [neomsgComms.DownloadConfig.MiscellaneousFields] [UpdateTimeZone] Set Time Zone Successfully, Iana Time Zone = [US/Central]
06/18/2021 08:53:52.004 (15) [Trace]: [neomsgComms.DownloadConfig.MiscellaneousFields] [UpdateHostSurcharge] amount[00000000]
06/18/2021 08:53:52.039 (15) [Trace]: [neomsgComms.DownloadConfig.MiscellaneousFields] [UpdateUseMac] useMac[1]
06/18/2021 08:53:52.073 (8) [Debug]: [DeviceEngine.DeviceManager.PinPadController] [ImportWorkingKey] Part1[EC246A9ED4803362] Part2[B36AE30B36BC1879]
06/18/2021 08:53:52.086 (8) [Trace]: [DeviceEngine.DeviceManager.PinPadController.XFSPinPad] [ImportWorkingKey] inject[Pin] key name[CommsKey] enc key[MasterKey] usage[function]
06/18/2021 08:53:52.088 (8) [Trace]: [DeviceEngine.DeviceManager.XFSManager] [Execute] Service[19] Command[403] Timeout[15000]
06/18/2021 08:53:52.152 (8) [Trace]: [DeviceEngine.DeviceManager.XFSManager] [Execute] Service[19] Command[403] HResult[device not ready] wfsResult[164581995]
06/18/2021 08:53:52.155 (8) [Debug]: [DeviceEngine.DeviceManager.PinPadController.XFSPinPad] [ImportWorkingKey] result[-13]
06/18/2021 08:53:52.157 (8) [Warn]: [DeviceEngine.DeviceManager.PinPadController.XFSPinPad] [ImportWorkingKey] fail to import, result[WFS_ERR_DEV_NOT_READY]
06/18/2021 08:53:52.160 (15) [Trace]: [neomsgComms.DownloadConfig.MiscellaneousFields] [InjectWorkingKey] Import [Pin] working key, result[False]
06/18/2021 08:53:52.162 (8) [Debug]: [DeviceEngine.DeviceManager.PinPadController] [ImportWorkingKey] Part1[BEBE990EDF558A30] Part2[8F440EA9F51F1988]
06/18/2021 08:53:52.164 (8) [Trace]: [DeviceEngine.DeviceManager.PinPadController.XFSPinPad] [ImportWorkingKey] inject[Mac] key name[MACKey] enc key[MasterKey] usage[macing]
06/18/2021 08:53:52.167 (8) [Trace]: [DeviceEngine.DeviceManager.XFSManager] [Execute] Service[19] Command[403] Timeout[15000]
06/18/2021 08:53:52.221 (8) [Trace]: [DeviceEngine.DeviceManager.XFSManager] [Execute] Service[19] Command[403] HResult[device not ready] wfsResult[164792035]
06/18/2021 08:53:52.224 (8) [Debug]: [DeviceEngine.DeviceManager.PinPadController.XFSPinPad] [ImportWorkingKey] result[-13]
06/18/2021 08:53:52.226 (8) [Warn]: [DeviceEngine.DeviceManager.PinPadController.XFSPinPad] [ImportWorkingKey] fail to import, result[WFS_ERR_DEV_NOT_READY]
06/18/2021 08:53:52.228 (15) [Trace]: [neomsgComms.DownloadConfig.MiscellaneousFields] [InjectWorkingKey] Import [Mac] working key, result[False]
06/18/2021 08:53:52.230 (15) [Debug]: [IssueTracker] [ReadThresholdAndAction] Issue[KeyInjection]   [3 RestorePinPad]
06/18/2021 08:53:52.232 (15) [Trace]: [IssueTracker] [UpdateIssue] issue[KeyInjection], perform good[False], TotalAttempt[34], Occurrence[1], ContinuousOccurrence[1], ActionsExecuted[ ]
06/18/2021 08:53:52.263 (8) [Debug]: [DeviceEngine.DeviceManager.XFSManager] [GetInfo] Service[19] Category[401] Timeout[Indefinite]
06/18/2021 08:53:52.271 (8) [Trace]: [DeviceEngine.DeviceManager.XFSManager] [GetInfo] Service[19] Category[401] HResult[success]
06/18/2021 08:53:52.276 (8) [Debug]: [DeviceEngine.DeviceManager.XFSManager] [GetInfo] Service[19] Category[407] Timeout[Indefinite]
06/18/2021 08:53:52.330 (8) [Trace]: [DeviceEngine.DeviceManager.XFSManager] [GetInfo] Service[19] Category[407] HResult[device not ready]
06/18/2021 08:53:52.332 (8) [Debug]: [DeviceEngine.DeviceManager.PinPadController.XFSPinPad] [GetPinPadStatusEx] Failed to get pin status ex. hResult[WFS_ERR_DEV_NOT_READY]
06/18/2021 08:53:52.336 (15) [Warn]: [neomsgComms] [ProcessResponse] key download[True], key injection[False], pinpad key status[False]
06/18/2021 08:53:52.343 (15) [Debug]: [ModeChecker] [OnHostTerminalCommandEvent] Event received [NotConfigured], currentApplication[ConsumerApplication]
06/18/2021 08:53:52.346 (15) [Debug]: [ApplicationManager] [RecoverHostConfig] enable[False], configImmediately[False]
06/18/2021 08:53:52.348 (15) [Debug]: [ModeChecker] [UpdateCommsActivation] active [False], HostConfigured[False]
06/18/2021 08:53:52.351 (16) [Debug]: [ModeChecker] [ChangeApplicationActivation] ApplicationName[ConsumerApplication, Pause:False] IsActivation[False] TriggerName[CommsActivation], resume[False], pause[False]
06/18/2021 08:53:52.353 (15) [Debug]: [ApplicationManager] [RecoverHostConfig] enable[True], configImmediately[False]
06/18/2021 08:53:52.357 (15) [Debug]: [ApplicationManager] [GetConfigRetryIntervalMs] attempts[1], interval [70783]ms
06/18/2021 08:53:52.360 (15) [Trace]: [neomsgComms.neomsgCommClient] [BeginReadRemote] Start
06/18/2021 08:53:52.363 (16) [Debug]: [ModeChecker] [DeactivateApplication] Attempting application deactivation - ApplicationName[ConsumerApplication]
06/18/2021 08:53:52.365 (16) [Trace]: [ModeChecker] [DeactivateApplication] Application already inactive. Ignoring.
06/18/2021 08:53:53.655 (12) [Trace]: [ModeChecker] [OnTimerEvent] TimerName[ApplicationLoaded]
06/18/2021 08:53:53.657 (12) [Debug]: [ModeChecker] [OnTimerEvent] Sending trigger - Trigger[ApplicationLoaded]
06/18/2021 08:53:53.671 (12) [Trace]: [ModeChecker] [RemoveRetryTrigger] Removed duplicate trigger from retry triggers - TriggerName[ApplicationLoaded]
06/18/2021 08:53:53.674 (16) [Debug]: [ModeChecker] [ChangeApplicationActivation] ApplicationName[ConsumerApplication, Pause:False] IsActivation[True] TriggerName[ApplicationLoaded], resume[False], pause[False]
06/18/2021 08:53:53.676 (16) [Debug]: [ModeChecker] [ActivateApplication] Attempting application activation - ApplicationName[ConsumerApplication]
06/18/2021 08:53:53.678 (20) [Trace]: [ConsumerApplication.RenderingEngine.Renderer] [Show] [OutOfService]
06/18/2021 08:53:53.681 (3) [Trace]: [ConsumerApplication.RenderingEngine.Renderer] [ShowJoonoEncoding]
06/18/2021 08:53:53.683 (3) [Trace]: [ConsumerApplication.RenderingEngine.Renderer.FormScreenCollection] Including screen: 
06/18/2021 08:53:53.685 (3) [Info]: [ConsumerApplication.RenderingEngine.Renderer.FormScreenCollection] [Show] Showing screen[OutOfService] - Source[Screens\OutOfService.xml]
06/18/2021 08:53:53.687 (3) [Trace]: [ConsumerApplication.RenderingEngine.Renderer] [ShowScreen]
06/18/2021 08:53:53.689 (3) [Debug]: [ConsumerApplication.RenderingEngine.Renderer.ApplicationForm] [Pause] Pausing application rendering
06/18/2021 08:53:53.693 (3) [Trace]: [ConsumerApplication.RenderingEngine.Renderer.FormScreenCollection] Including screen: 
06/18/2021 08:53:53.695 (3) [Info]: [ConsumerApplication.RenderingEngine.Renderer.FormScreenCollection] [Show] Showing screen[OutOfService] - Source[Screens\OutOfService.xml]
06/18/2021 08:53:53.697 (3) [Trace]: [ConsumerApplication.RenderingEngine.Renderer] [CreateBackgroundList] Creating background list
06/18/2021 08:53:53.699 (3) [Trace]: [ConsumerApplication.RenderingEngine.Renderer] [ShowScreen] Adding UI for included screen [OutOfService]
06/18/2021 08:53:53.704 (3) [Trace]: [ConsumerApplication.RenderingEngine.Renderer.FormScreenCollection.OutOfService] [ProcessUIElements] Items Added: - [Images/Header.png], [JoonoEncoding, JoonoEncodings\OutOfService_Default.bmp]
06/18/2021 08:53:53.709 (3) [Trace]: [ConsumerApplication.FlowEngine] [GenericApplicationEventTriggered] Name[Screen] Args[Screen=Shown]
06/18/2021 08:53:53.711 (3) [Debug]: [ConsumerApplication.RenderingEngine.Renderer.ApplicationForm] [Resume]
06/18/2021 08:53:53.772 (3) [Trace]: [ConsumerApplication.FlowEngine] [GenericApplicationEventTriggered] Name[Screen] Args[Screen=Displayed]
06/18/2021 08:53:53.775 (3) [Trace]: [ConsumerApplication.RenderingEngine.Renderer] [ShowScreen] Complete
06/18/2021 08:53:53.778 (16) [Debug]: [ModeChecker] [ActivateApplication] Unable to activate host dependent application until application downloads configuration
06/18/2021 08:53:53.780 (10) [Trace]: [neomsgComms] [SendStartedUp]
06/18/2021 08:53:53.782 (8) [Debug]: [DeviceEngine.DeviceManager.PinPadController] [RKLExportBase64EncodedItem] Type[MasterKeyCheckValue], Data[0]
06/18/2021 08:53:53.785 (8) [Trace]: [DeviceEngine.DeviceManager.XFSManager] [Execute] Service[19] Command[439] Timeout[15000]
06/18/2021 08:53:53.844 (8) [Trace]: [DeviceEngine.DeviceManager.XFSManager] [Execute] Service[19] Command[439] HResult[device not ready] wfsResult[164790299]
06/18/2021 08:53:53.846 (8) [Debug]: [DeviceEngine.DeviceManager.PinPadController.XFSPinPad] [ExportMasterKeyCheckValue] key[Pin], key name[MasterKey], get kcv result [-13]
06/18/2021 08:53:53.848 (10) [Trace]: [RKLService] [GetMasterKeyCheckValue] keyType[Pin], checkValue[]
06/18/2021 08:53:53.853 (10) [Trace]: [RKLService] [CompareKeyCheckValue], _checkValue1[], _checkValue2[7DE1FE]
06/18/2021 08:53:53.856 (10) [Trace]: [RKLService] [CompareKeyCheckValue], result[False]
06/18/2021 08:53:53.858 (10) [Trace]: [RKLService] [IsMasterKeyReady] return[False], check value: persistent[7DE1FE], pinpad[]
06/18/2021 08:53:53.860 (10) [Trace]: [neomsgComms] [RequestRKL]
06/18/2021 08:53:53.862 (10) [Trace]: [RKLService] [RequestRKL] CommunicationId[CTSTRI], EncryptionMode[TripleDES], TerminalId[PN990132], VersionMinor[0], VersionMajor[0]
06/18/2021 08:53:53.891 (10) [Info]: [CommsEngine.NeoventsClient] [SendEvent] event[TxProcessing_Info_RKL_Initiated, id=1410], text[Signature]
06/18/2021 08:53:53.893 (10) [Debug]: [CommsEngine.NeoventsClient] [CreateConnection], ip[10.240.41.186], port[12162]
06/18/2021 08:53:54.154 (10) [Debug]: [CommsEngine.NeoventsClient] [SendPacket] send[43 41 54 4D 30 33 03 00 34 12 1D 00 00 00 08 00 00 00 50 4E 39 39 30 31 33 32 82 05 00 00 09 00 00 00 53 69 67 6E 61 74 75 72 65 ]
06/18/2021 08:53:54.157 (10) [Debug]: [CommsEngine.NeoventsClient] [SendPacket] Data sent. wait response
06/18/2021 08:53:54.159 (10) [Trace]: [RKLService] [RetrievePinpadRKLData]  rkl type[Signature]
06/18/2021 08:53:54.161 (8) [Debug]: [DeviceEngine.DeviceManager.PinPadController] [RKLExportBase64EncodedItem] Type[PinpadSerialNumber], Data[0]
06/18/2021 08:53:54.164 (8) [Trace]: [DeviceEngine.DeviceManager.XFSManager] [Execute] Service[19] Command[427] Timeout[15000]
06/18/2021 08:53:54.218 (8) [Trace]: [DeviceEngine.DeviceManager.XFSManager] [Execute] Service[19] Command[427] HResult[device not ready] wfsResult[164790299]
06/18/2021 08:53:54.222 (8) [Debug]: [DeviceEngine.DeviceManager.PinPadController.XFSPinPad] [ExportPinpadIdPublicKey] get[PinpadSerialNumber], result [-13]
06/18/2021 08:53:54.224 (8) [Debug]: [DeviceEngine.DeviceManager.PinPadController] [RKLExportBase64EncodedItem] Type[PinpadPublicKey], Data[0]
06/18/2021 08:53:54.227 (8) [Trace]: [DeviceEngine.DeviceManager.XFSManager] [Execute] Service[19] Command[427] Timeout[15000]
06/18/2021 08:53:54.281 (8) [Trace]: [DeviceEngine.DeviceManager.XFSManager] [Execute] Service[19] Command[427] HResult[device not ready] wfsResult[164581995]
06/18/2021 08:53:54.284 (8) [Debug]: [DeviceEngine.DeviceManager.PinPadController.XFSPinPad] [ExportPinpadIdPublicKey] get[PinpadPublicKey], result [-13]
06/18/2021 08:53:54.286 (10) [Warn]: [RKLService] [RetrievePinpadSignatureBasedRKLData] Fail to retrieve serial number or public key.
06/18/2021 08:53:54.288 (10) [Info]: [CommsEngine.NeoventsClient] [SendEvent] event[RKLFailed, id=12], text[failed to retrieve pinpad rkl data]
06/18/2021 08:53:54.290 (10) [Debug]: [CommsEngine.NeoventsClient] [SendPacket] connection exist. return.
06/18/2021 08:53:54.292 (10) [Warn]: [RKLService] [SkipRKL] Does not support RKL
06/18/2021 08:53:54.294 (8) [Debug]: [DeviceEngine.DeviceManager.PinPadController] [RKLExportBase64EncodedItem] Type[MasterKeyCheckValue], Data[0]
06/18/2021 08:53:54.297 (8) [Trace]: [DeviceEngine.DeviceManager.XFSManager] [Execute] Service[19] Command[439] Timeout[15000]
06/18/2021 08:53:54.351 (8) [Trace]: [DeviceEngine.DeviceManager.XFSManager] [Execute] Service[19] Command[439] HResult[device not ready] wfsResult[164789739]
06/18/2021 08:53:54.357 (8) [Debug]: [DeviceEngine.DeviceManager.PinPadController.XFSPinPad] [ExportMasterKeyCheckValue] key[Pin], key name[MasterKey], get kcv result [-13]
06/18/2021 08:53:54.359 (10) [Trace]: [RKLService] [GetMasterKeyCheckValue] keyType[Pin], checkValue[]
06/18/2021 08:53:54.361 (10) [Trace]: [RKLService] [SkipRKL] download working key.
06/18/2021 08:53:54.363 (10) [Trace]: [neomsgComms] [SendConfigurationRequestMessage]
06/18/2021 08:53:54.366 (10) [Trace]: [neomsgComms.StatusMonitoring] [GetCassetteInformation] filled [1], purged[3], Remain[9973], cassetteInfo[02K10000027003]
06/18/2021 08:53:54.368 (10) [Debug]: [neomsgComms.StatusMonitoring] [GetCassetteInformation] note status [0], cassetteInformation[02K10000027003000000000000000000000000000000000000000000003]
06/18/2021 08:53:54.370 (8) [Debug]: [DeviceEngine.DeviceManager.XFSManager] [GetInfo] Service[17] Category[201] Timeout[Indefinite]
06/18/2021 08:53:54.377 (8) [Trace]: [DeviceEngine.DeviceManager.XFSManager] [GetInfo] Service[17] Category[201] HResult[success]
06/18/2021 08:53:54.382 (10) [Debug]: [neomsgComms.StatusMonitoring] [GetStatus] terminalStatus[NT00.00.0000000060610000003130 010TXX00X000     00000002K10000027003000000000000000000000000000000000000000000003]
06/18/2021 08:53:54.385 (10) [Debug]: [JournalManager] [GetNextUploadJournals] return[False]
06/18/2021 08:53:54.387 (10) [Trace]: [neomsgComms] [SendMessage] Sending message = [Configuration Request Message], Message Length = [156], Tran Code = [DownloadConfigurationTable]
06/18/2021 08:53:54.390 (10) [Debug]: [neomsgComms] [SendMessage] Send Body = [[0x00][0x9A]CTSTRI  td002       ,PN990132       ,60,NT00.00.0000000060610000003130 010TXX00X000     00000002K10000027003000000000000000000000000000000000000000000003,]
06/18/2021 08:53:54.392 (10) [Trace]: [neomsgComms.neomsgCommClient] [SendData] data sent [Length:156]
06/18/2021 08:53:54.452 (15) [Debug]: [CommsEngine.NeoventsClient] [ReadRemote] send event successfully [OK].
06/18/2021 08:53:54.457 (15) [Debug]: [CommsEngine.NeoventsClient] [CloseConnection]
06/18/2021 08:53:54.459 (15) [Debug]: [CommsEngine.NeoventsClient] [CreateConnection], ip[10.240.41.186], port[12162]
06/18/2021 08:53:54.720 (15) [Debug]: [CommsEngine.NeoventsClient] [SendPacket] send[43 41 54 4D 30 33 03 00 34 12 36 00 00 00 08 00 00 00 50 4E 39 39 30 31 33 32 0C 00 00 00 22 00 00 00 66 61 69 6C 65 64 20 74 6F 20 72 65 74 72 69 65 76 65 20 70 69 6E 70 61 64 20 72 6B 6C 20 64 61 74 61 ]
06/18/2021 08:53:54.722 (15) [Debug]: [CommsEngine.NeoventsClient] [SendPacket] Data sent. wait response
06/18/2021 08:53:54.737 (15) [Debug]: [neomsgComms.neomsgCommClient] [ReadRemote] read [132] bytes
06/18/2021 08:53:54.739 (15) [Debug]: [neomsgComms.neomsgCommClient] [ReadRemote] received full message. data length in header [130], received data length[130]
06/18/2021 08:53:54.741 (15) [Trace]: [neomsgComms.neomsgCommClient] [ReportHostResponse] event type[DataReceived]
06/18/2021 08:53:54.743 (15) [Debug]: [neomsgComms] [neomsgCommEventTriggered] type[DataReceived]
06/18/2021 08:53:54.745 (15) [Trace]: [neomsgComms] [ProcessRemotePacketReceived] Received data from host : [132] bytes
06/18/2021 08:53:54.748 (15) [Debug]: [neomsgComms] [ProcessRemotePacketReceived] Receive Body = [[0x00][0x82]            ,PN990132       ,60,~9764947BFD181F16,!00000000,{2F1311417184FA0D,/1,m6A001B43E5901773,}E4B2B18B153C6348,uzUS/Central,]
06/18/2021 08:53:54.750 (15) [Debug]: [MessageBuilderFactory] [GetMessageBuilder] _requestType[DownloadConfig]
06/18/2021 08:53:54.752 (15) [Debug]: [MessageBuilderFactory] [GetMessageBuilder] messageBuilder.Type[null]
06/18/2021 08:53:54.755 (15) [Debug]: [ResponseHandlerFactory] [GetResponseHandler] _responseMessage.Type[null], transactionCode[None]
06/18/2021 08:53:54.757 (15) [Debug]: [ResponseHandlerFactory] [GetResponseHandler] _requestData.Type[null], genericTransactionType[None]
06/18/2021 08:53:54.759 (15) [Debug]: [ResponseHandlerFactory] [GetResponseHandler] responseHandler.Type[null]
06/18/2021 08:53:54.767 (15) [Trace]: [TimeZoneConverter] [IanaToWindows] Time Zone Converted, Iana[US/Central] => Windows[Central Standard Time]
06/18/2021 08:53:54.931 (34) [Trace]: [DeviceEngine.DeviceManager.XFSManager] [WndProc] hWnd[722092] Msg[30] lParam[0] wParam[0]
06/18/2021 08:53:54.933 (33) [Trace]: [DeviceEngine.DeviceManager.XFSManager] [WndProc] hWnd[722098] Msg[30] lParam[0] wParam[0]
06/18/2021 08:53:54.936 (31) [Trace]: [DeviceEngine.DeviceManager.XFSManager] [WndProc] hWnd[1639514] Msg[30] lParam[0] wParam[0]
06/18/2021 08:53:54.938 (30) [Trace]: [DeviceEngine.DeviceManager.XFSManager] [WndProc] hWnd[459890] Msg[30] lParam[0] wParam[0]
06/18/2021 08:53:54.940 (29) [Trace]: [DeviceEngine.DeviceManager.XFSManager] [WndProc] hWnd[722014] Msg[30] lParam[0] wParam[0]
06/18/2021 08:53:54.942 (28) [Trace]: [DeviceEngine.DeviceManager.XFSManager] [WndProc] hWnd[328800] Msg[30] lParam[0] wParam[0]
06/18/2021 08:53:54.969 (15) [Info]: [neomsgComms.DownloadConfig.MiscellaneousFields] [UpdateTimeZone] Set Time Zone Successfully, Iana Time Zone = [US/Central]
06/18/2021 08:53:54.971 (15) [Trace]: [neomsgComms.DownloadConfig.MiscellaneousFields] [UpdateHostSurcharge] amount[00000000]
06/18/2021 08:53:55.001 (15) [Trace]: [neomsgComms.DownloadConfig.MiscellaneousFields] [UpdateUseMac] useMac[1]
06/18/2021 08:53:55.030 (8) [Debug]: [DeviceEngine.DeviceManager.PinPadController] [ImportWorkingKey] Part1[9764947BFD181F16] Part2[2F1311417184FA0D]
06/18/2021 08:53:55.033 (8) [Trace]: [DeviceEngine.DeviceManager.PinPadController.XFSPinPad] [ImportWorkingKey] inject[Pin] key name[CommsKey] enc key[MasterKey] usage[function]
06/18/2021 08:53:55.035 (8) [Trace]: [DeviceEngine.DeviceManager.XFSManager] [Execute] Service[19] Command[403] Timeout[15000]
06/18/2021 08:53:55.105 (8) [Trace]: [DeviceEngine.DeviceManager.XFSManager] [Execute] Service[19] Command[403] HResult[device not ready] wfsResult[164581995]
06/18/2021 08:53:55.107 (8) [Debug]: [DeviceEngine.DeviceManager.PinPadController.XFSPinPad] [ImportWorkingKey] result[-13]
06/18/2021 08:53:55.109 (8) [Warn]: [DeviceEngine.DeviceManager.PinPadController.XFSPinPad] [ImportWorkingKey] fail to import, result[WFS_ERR_DEV_NOT_READY]
06/18/2021 08:53:55.112 (15) [Trace]: [neomsgComms.DownloadConfig.MiscellaneousFields] [InjectWorkingKey] Import [Pin] working key, result[False]
06/18/2021 08:53:55.114 (8) [Debug]: [DeviceEngine.DeviceManager.PinPadController] [ImportWorkingKey] Part1[6A001B43E5901773] Part2[E4B2B18B153C6348]
06/18/2021 08:53:55.117 (8) [Trace]: [DeviceEngine.DeviceManager.PinPadController.XFSPinPad] [ImportWorkingKey] inject[Mac] key name[MACKey] enc key[MasterKey] usage[macing]
06/18/2021 08:53:55.119 (8) [Trace]: [DeviceEngine.DeviceManager.XFSManager] [Execute] Service[19] Command[403] Timeout[15000]
06/18/2021 08:53:55.132 (32) [Debug]: [CommsEngine.NeoventsClient] [ReadRemote] send event successfully [OK].
06/18/2021 08:53:55.134 (32) [Debug]: [CommsEngine.NeoventsClient] [CloseConnection]
06/18/2021 08:53:55.173 (8) [Trace]: [DeviceEngine.DeviceManager.XFSManager] [Execute] Service[19] Command[403] HResult[device not ready] wfsResult[164790299]
06/18/2021 08:53:55.176 (8) [Debug]: [DeviceEngine.DeviceManager.PinPadController.XFSPinPad] [ImportWorkingKey] result[-13]
06/18/2021 08:53:55.178 (8) [Warn]: [DeviceEngine.DeviceManager.PinPadController.XFSPinPad] [ImportWorkingKey] fail to import, result[WFS_ERR_DEV_NOT_READY]
06/18/2021 08:53:55.180 (15) [Trace]: [neomsgComms.DownloadConfig.MiscellaneousFields] [InjectWorkingKey] Import [Mac] working key, result[False]
06/18/2021 08:53:55.182 (15) [Trace]: [IssueTracker] [UpdateIssue] issue[KeyInjection], perform good[False], TotalAttempt[35], Occurrence[2], ContinuousOccurrence[2], ActionsExecuted[ ]
06/18/2021 08:53:55.242 (8) [Debug]: [DeviceEngine.DeviceManager.XFSManager] [GetInfo] Service[19] Category[401] Timeout[Indefinite]
06/18/2021 08:53:55.249 (8) [Trace]: [DeviceEngine.DeviceManager.XFSManager] [GetInfo] Service[19] Category[401] HResult[success]
06/18/2021 08:53:55.254 (8) [Debug]: [DeviceEngine.DeviceManager.XFSManager] [GetInfo] Service[19] Category[407] Timeout[Indefinite]
06/18/2021 08:53:55.309 (8) [Trace]: [DeviceEngine.DeviceManager.XFSManager] [GetInfo] Service[19] Category[407] HResult[device not ready]
06/18/2021 08:53:55.311 (8) [Debug]: [DeviceEngine.DeviceManager.PinPadController.XFSPinPad] [GetPinPadStatusEx] Failed to get pin status ex. hResult[WFS_ERR_DEV_NOT_READY]
06/18/2021 08:53:55.315 (15) [Warn]: [neomsgComms] [ProcessResponse] key download[True], key injection[False], pinpad key status[False]
06/18/2021 08:53:55.317 (15) [Debug]: [ModeChecker] [OnHostTerminalCommandEvent] Event received [NotConfigured], currentApplication[ConsumerApplication]
06/18/2021 08:53:55.319 (15) [Debug]: [ApplicationManager] [RecoverHostConfig] enable[False], configImmediately[False]
06/18/2021 08:53:55.321 (15) [Debug]: [ModeChecker] [UpdateCommsActivation] active [False], HostConfigured[False]
06/18/2021 08:53:55.324 (15) [Debug]: [ApplicationManager] [RecoverHostConfig] enable[True], configImmediately[False]
06/18/2021 08:53:55.326 (15) [Debug]: [ApplicationManager] [GetConfigRetryIntervalMs] attempts[1], interval [81090]ms
06/18/2021 08:53:55.328 (15) [Trace]: [neomsgComms.neomsgCommClient] [BeginReadRemote] Start
06/18/2021 08:53:55.330 (16) [Debug]: [ModeChecker] [ChangeApplicationActivation] ApplicationName[ConsumerApplication, Pause:False] IsActivation[False] TriggerName[CommsActivation], resume[False], pause[False]
06/18/2021 08:53:55.332 (16) [Debug]: [ModeChecker] [DeactivateApplication] Attempting application deactivation - ApplicationName[ConsumerApplication]
06/18/2021 08:53:55.335 (16) [Trace]: [ModeChecker] [DeactivateApplication] Application already inactive. Ignoring.
06/18/2021 08:54:12.138 (12) [Trace]: [ModeChecker] [OnTimerEvent] TimerName[MODE_TIMEOUT]
06/18/2021 08:54:12.141 (16) [Debug]: [ModeChecker] [ChangeApplicationActivation] ApplicationName[OperatorApplication, Pause:False] IsActivation[False] TriggerName[Timeout], resume[False], pause[False]
06/18/2021 08:54:12.143 (16) [Debug]: [ModeChecker] [DeactivateApplication] Attempting application deactivation - ApplicationName[OperatorApplication]
06/18/2021 08:54:12.145 (16) [Trace]: [ModeChecker] [DeactivateApplication] Application already inactive. Ignoring.
